0 info it worked if it ends with ok
1 verbose cli [ 'C:\\Program Files\\nodejs\\node.exe',
1 verbose cli   'C:\\Users\\kh\\AppData\\Roaming\\npm\\node_modules\\npm\\bin\\npm-cli.js',
1 verbose cli   'install',
1 verbose cli   '--save',
1 verbose cli   'run-ios-sim' ]
2 info using npm@3.10.7
3 info using node@v4.2.1
4 silly loadCurrentTree Starting
5 silly install loadCurrentTree
6 silly install readLocalPackageData
7 silly fetchPackageMetaData run-ios-sim
8 silly fetchNamedPackageData run-ios-sim
9 silly mapToRegistry name run-ios-sim
10 silly mapToRegistry using default registry
11 silly mapToRegistry registry https://registry.npmjs.org/
12 silly mapToRegistry data Result {
12 silly mapToRegistry   raw: 'run-ios-sim',
12 silly mapToRegistry   scope: null,
12 silly mapToRegistry   escapedName: 'run-ios-sim',
12 silly mapToRegistry   name: 'run-ios-sim',
12 silly mapToRegistry   rawSpec: '',
12 silly mapToRegistry   spec: 'latest',
12 silly mapToRegistry   type: 'tag' }
13 silly mapToRegistry uri https://registry.npmjs.org/run-ios-sim
14 verbose request uri https://registry.npmjs.org/run-ios-sim
15 verbose request no auth needed
16 info attempt registry request try #1 at 2:28:22 PM
17 verbose request id 1190f4325467559b
18 http request GET https://registry.npmjs.org/run-ios-sim
19 http 200 https://registry.npmjs.org/run-ios-sim
20 verbose headers { server: 'CouchDB/1.5.0 (Erlang OTP/R16B03)',
20 verbose headers   etag: '"2YI2LQ5D3VUQSNBOISM8MBCD"',
20 verbose headers   'content-type': 'application/json',
20 verbose headers   'content-encoding': 'gzip',
20 verbose headers   'cache-control': 'max-age=300',
20 verbose headers   'content-length': '4290',
20 verbose headers   'accept-ranges': 'bytes',
20 verbose headers   date: 'Wed, 14 Sep 2016 11:28:13 GMT',
20 verbose headers   via: '1.1 varnish',
20 verbose headers   age: '0',
20 verbose headers   connection: 'keep-alive',
20 verbose headers   'x-served-by': 'cache-lhr6323-LHR',
20 verbose headers   'x-cache': 'MISS',
20 verbose headers   'x-cache-hits': '0',
20 verbose headers   'x-timer': 'S1473852493.657519,VS0,VE202',
20 verbose headers   vary: 'Accept-Encoding' }
21 silly get cb [ 200,
21 silly get   { server: 'CouchDB/1.5.0 (Erlang OTP/R16B03)',
21 silly get     etag: '"2YI2LQ5D3VUQSNBOISM8MBCD"',
21 silly get     'content-type': 'application/json',
21 silly get     'content-encoding': 'gzip',
21 silly get     'cache-control': 'max-age=300',
21 silly get     'content-length': '4290',
21 silly get     'accept-ranges': 'bytes',
21 silly get     date: 'Wed, 14 Sep 2016 11:28:13 GMT',
21 silly get     via: '1.1 varnish',
21 silly get     age: '0',
21 silly get     connection: 'keep-alive',
21 silly get     'x-served-by': 'cache-lhr6323-LHR',
21 silly get     'x-cache': 'MISS',
21 silly get     'x-cache-hits': '0',
21 silly get     'x-timer': 'S1473852493.657519,VS0,VE202',
21 silly get     vary: 'Accept-Encoding' } ]
22 verbose get saving run-ios-sim to C:\Users\kh\AppData\Roaming\npm-cache\registry.npmjs.org\run-ios-sim\.cache.json
23 verbose correctMkdir C:\Users\kh\AppData\Roaming\npm-cache correctMkdir not in flight; initializing
24 silly install normalizeTree
25 silly loadCurrentTree Finishing
26 silly loadIdealTree Starting
27 silly install loadIdealTree
28 silly cloneCurrentTree Starting
29 silly install cloneCurrentTreeToIdealTree
30 silly cloneCurrentTree Finishing
31 silly loadShrinkwrap Starting
32 silly install loadShrinkwrap
33 silly loadShrinkwrap Finishing
34 silly loadAllDepsIntoIdealTree Starting
35 silly install loadAllDepsIntoIdealTree
36 silly rollbackFailedOptional Starting
37 silly rollbackFailedOptional Finishing
38 silly runTopLevelLifecycles Finishing
39 silly install printInstalled
40 verbose stack Error: Unsupported platform for run-ios-sim@1.3.0: wanted {"name":"run-ios-sim","version":"1.3.0","description":"Easy way to run the ios simulator","main":"build/index.js","bin":{"run-ios-sim":"./build/bin/run-ios-sim.js"},"scripts":{"test":"make lint test"},"repository":{"type":"git","url":"git+https://github.com/michaelcontento/run-ios-sim.git"},"homepage":"https://github.com/michaelcontento/run-ios-sim","author":{"name":"Michael Contento","email":"michaelcontento@gmail.com"},"license":"MIT","os":["darwin"],"eslintConfig":{"extends":"michaelcontento"},"babel":{"presets":["modern-node/4.0"]},"files":["build/","!**/__tests__/**"],"engines":{"node":">= 4.0.0"},"devDependencies":{"babel-cli":"^6.5.1","babel-core":"^6.5.2","babel-preset-modern-node":"^1.0.0","eslint":"^1.10.3","eslint-config-michaelcontento":"^1.1.1","eslint-plugin-mocha-only":"0.0.3","mocca":"^0.3.0","release-it":"^2.3.1","source-map-support":"^0.4.0"},"dependencies":{"appium-ios-simulator":"^1.5.1","bplist-parser":"^0.1.1","node-simctl":"^3.3.1","tail":"^0.4.0","timeout-then":"^1.0.0"},"gitHead":"b5a373a3cbc8093d44b64f66b5260bc2716fd444","bugs":{"url":"https://github.com/michaelcontento/run-ios-sim/issues"},"_id":"run-ios-sim@1.3.0","_shasum":"c7739c376891364ebbc15b8da7a781635742babe","_from":"run-ios-sim","_npmVersion":"3.7.2","_nodeVersion":"5.6.0","_npmUser":{"name":"michaelcontento","email":"michaelcontento@gmail.com"},"dist":{"shasum":"c7739c376891364ebbc15b8da7a781635742babe","tarball":"https://registry.npmjs.org/run-ios-sim/-/run-ios-sim-1.3.0.tgz"},"maintainers":[{"name":"michaelcontento","email":"michaelcontento@gmail.com"}],"_npmOperationalInternal":{"host":"packages-9-west.internal.npmjs.com","tmp":"tmp/run-ios-sim-1.3.0.tgz_1456131431402_0.2050177671480924"},"directories":{},"_resolved":"https://registry.npmjs.org/run-ios-sim/-/run-ios-sim-1.3.0.tgz","_requested":{"raw":"run-ios-sim","scope":null,"escapedName":"run-ios-sim","name":"run-ios-sim","rawSpec":"","spec":"latest","type":"tag"},"_spec":"run-ios-sim","_where":"C:\\Users\\kh\\Desktop\\new-chat","_args":[[{"raw":"run-ios-sim","scope":null,"escapedName":"run-ios-sim","name":"run-ios-sim","rawSpec":"","spec":"latest","type":"tag"},"C:\\Users\\kh\\Desktop\\new-chat"]],"readme":"ERROR: No README data found!"} (current: {"os":"win32","cpu":"x64"})
40 verbose stack     at checkPlatform (C:\Users\kh\AppData\Roaming\npm\node_modules\npm\node_modules\npm-install-checks\index.js:45:14)
40 verbose stack     at thenWarnEngineIssues (C:\Users\kh\AppData\Roaming\npm\node_modules\npm\lib\install\validate-args.js:41:5)
40 verbose stack     at C:\Users\kh\AppData\Roaming\npm\node_modules\npm\node_modules\iferr\index.js:13:50
40 verbose stack     at checkEngine (C:\Users\kh\AppData\Roaming\npm\node_modules\npm\node_modules\npm-install-checks\index.js:24:10)
40 verbose stack     at module.exports.isInstallable (C:\Users\kh\AppData\Roaming\npm\node_modules\npm\lib\install\validate-args.js:38:3)
40 verbose stack     at Array.<anonymous> (C:\Users\kh\AppData\Roaming\npm\node_modules\npm\node_modules\slide\lib\bind-actor.js:15:8)
40 verbose stack     at LOOP (C:\Users\kh\AppData\Roaming\npm\node_modules\npm\node_modules\slide\lib\chain.js:15:14)
40 verbose stack     at C:\Users\kh\AppData\Roaming\npm\node_modules\npm\node_modules\slide\lib\chain.js:18:7
40 verbose stack     at checkSelf (C:\Users\kh\AppData\Roaming\npm\node_modules\npm\lib\install\validate-args.js:46:72)
40 verbose stack     at Array.<anonymous> (C:\Users\kh\AppData\Roaming\npm\node_modules\npm\node_modules\slide\lib\bind-actor.js:15:8)
41 verbose pkgid run-ios-sim@1.3.0
42 verbose cwd C:\Users\kh\Desktop\new-chat
43 error Windows_NT 6.1.7601
44 error argv "C:\\Program Files\\nodejs\\node.exe" "C:\\Users\\kh\\AppData\\Roaming\\npm\\node_modules\\npm\\bin\\npm-cli.js" "install" "--save" "run-ios-sim"
45 error node v4.2.1
46 error npm  v3.10.7
47 error code EBADPLATFORM
48 error notsup Not compatible with your operating system or architecture: run-ios-sim@1.3.0
49 error notsup Valid OS:    darwin
49 error notsup Valid Arch:  any
49 error notsup Actual OS:   win32
49 error notsup Actual Arch: x64
50 verbose exit [ 1, true ]
